Copyright 1986-2022 Xilinx, Inc. All Rights Reserved. Copyright 2022-2024 Advanced Micro Devices, Inc. All Rights Reserved.
---------------------------------------------------------------------------------------------------------------------------------------------
| Tool Version : Vivado v.2024.1 (lin64) Build 5076996 Wed May 22 18:36:09 MDT 2024
| Date         : Sun Dec  8 17:43:50 2024
| Host         : eecs-digital-24 running 64-bit Ubuntu 24.04.1 LTS
| Command      : report_timing_summary -file obj/post_route_timing_summary.rpt
| Design       : top_level
| Device       : 7s50-csga324
| Speed File   : -1  PRODUCTION 1.23 2018-06-13
| Design State : Routed
---------------------------------------------------------------------------------------------------------------------------------------------

Timing Summary Report

------------------------------------------------------------------------------------------------
| Timer Settings
| --------------
------------------------------------------------------------------------------------------------

  Enable Multi Corner Analysis               :  Yes
  Enable Pessimism Removal                   :  Yes
  Pessimism Removal Resolution               :  Nearest Common Node
  Enable Input Delay Default Clock           :  No
  Enable Preset / Clear Arcs                 :  No
  Disable Flight Delays                      :  No
  Ignore I/O Paths                           :  No
  Timing Early Launch at Borrowing Latches   :  No
  Borrow Time for Max Delay Exceptions       :  Yes
  Merge Timing Exceptions                    :  Yes
  Inter-SLR Compensation                     :  Conservative

  Corner  Analyze    Analyze    
  Name    Max Paths  Min Paths  
  ------  ---------  ---------  
  Slow    Yes        Yes        
  Fast    Yes        Yes        


------------------------------------------------------------------------------------------------
| Report Methodology
| ------------------
------------------------------------------------------------------------------------------------

No report available as report_methodology has not been run prior. Run report_methodology on the current design for the summary of methodology violations.



check_timing report

Table of Contents
-----------------
1. checking no_clock (824)
2. checking constant_clock (0)
3. checking pulse_width_clock (0)
4. checking unconstrained_internal_endpoints (566)
5. checking no_input_delay (6)
6. checking no_output_delay (26)
7. checking multiple_clock (0)
8. checking generated_clocks (0)
9. checking loops (0)
10. checking partial_input_delay (0)
11. checking partial_output_delay (0)
12. checking latch_loops (0)

1. checking no_clock (824)
--------------------------
 There are 86 register/latch pins with no clock driven by root clock pin: state_tl_reg[0]/Q (HIGH)

 There are 86 register/latch pins with no clock driven by root clock pin: state_tl_reg[1]/Q (HIGH)

 There are 566 register/latch pins with no clock driven by root clock pin: state_tl_reg[2]/Q (HIGH)

 There are 86 register/latch pins with no clock driven by root clock pin: transmit_reg/Q (HIGH)


2. checking constant_clock (0)
------------------------------
 There are 0 register/latch pins with constant_clock.


3. checking pulse_width_clock (0)
---------------------------------
 There are 0 register/latch pins which need pulse_width check


4. checking unconstrained_internal_endpoints (566)
--------------------------------------------------
 There are 566 pins that are not constrained for maximum delay. (HIGH)

 There are 0 pins that are not constrained for maximum delay due to constant clock.


5. checking no_input_delay (6)
------------------------------
 There are 6 input ports with no input delay specified. (HIGH)

 There are 0 input ports with no input delay but user has a false path constraint.


6. checking no_output_delay (26)
--------------------------------
 There are 26 ports with no output delay specified. (HIGH)

 There are 0 ports with no output delay but user has a false path constraint

 There are 0 ports with no output delay but with a timing clock defined on it or propagating through it


7. checking multiple_clock (0)
------------------------------
 There are 0 register/latch pins with multiple clocks.


8. checking generated_clocks (0)
--------------------------------
 There are 0 generated clocks that are not connected to a clock source.


9. checking loops (0)
---------------------
 There are 0 combinational loops in the design.


10. checking partial_input_delay (0)
------------------------------------
 There are 0 input ports with partial input delay specified.


11. checking partial_output_delay (0)
-------------------------------------
 There are 0 ports with partial output delay specified.


12. checking latch_loops (0)
----------------------------
 There are 0 combinational latch loops in the design through latch input



------------------------------------------------------------------------------------------------
| Design Timing Summary
| ---------------------
------------------------------------------------------------------------------------------------

    WNS(ns)      TNS(ns)  TNS Failing Endpoints  TNS Total Endpoints      WHS(ns)      THS(ns)  THS Failing Endpoints  THS Total Endpoints     WPWS(ns)     TPWS(ns)  TPWS Failing Endpoints  TPWS Total Endpoints  
    -------      -------  ---------------------  -------------------      -------      -------  ---------------------  -------------------     --------     --------  ----------------------  --------------------  
      1.533        0.000                      0                 2782        0.055        0.000                      0                 2782        2.750        0.000                       0                  1027  


All user specified timing constraints are met.


------------------------------------------------------------------------------------------------
| Clock Summary
| -------------
------------------------------------------------------------------------------------------------

Clock  Waveform(ns)       Period(ns)      Frequency(MHz)
-----  ------------       ----------      --------------
gclk   {0.000 4.000}      10.000          100.000         


------------------------------------------------------------------------------------------------
| Intra Clock Table
| -----------------
------------------------------------------------------------------------------------------------

Clock             WNS(ns)      TNS(ns)  TNS Failing Endpoints  TNS Total Endpoints      WHS(ns)      THS(ns)  THS Failing Endpoints  THS Total Endpoints     WPWS(ns)     TPWS(ns)  TPWS Failing Endpoints  TPWS Total Endpoints  
-----             -------      -------  ---------------------  -------------------      -------      -------  ---------------------  -------------------     --------     --------  ----------------------  --------------------  
gclk                1.533        0.000                      0                 2782        0.055        0.000                      0                 2782        2.750        0.000                       0                  1027  


------------------------------------------------------------------------------------------------
| Inter Clock Table
| -----------------
------------------------------------------------------------------------------------------------

From Clock    To Clock          WNS(ns)      TNS(ns)  TNS Failing Endpoints  TNS Total Endpoints      WHS(ns)      THS(ns)  THS Failing Endpoints  THS Total Endpoints  
----------    --------          -------      -------  ---------------------  -------------------      -------      -------  ---------------------  -------------------  


------------------------------------------------------------------------------------------------
| Other Path Groups Table
| -----------------------
------------------------------------------------------------------------------------------------

Path Group    From Clock    To Clock          WNS(ns)      TNS(ns)  TNS Failing Endpoints  TNS Total Endpoints      WHS(ns)      THS(ns)  THS Failing Endpoints  THS Total Endpoints  
----------    ----------    --------          -------      -------  ---------------------  -------------------      -------      -------  ---------------------  -------------------  


------------------------------------------------------------------------------------------------
| Timing Details
| --------------
------------------------------------------------------------------------------------------------


---------------------------------------------------------------------------------------------------
From Clock:  gclk
  To Clock:  gclk

Setup :            0  Failing Endpoints,  Worst Slack        1.533ns,  Total Violation        0.000ns
Hold  :            0  Failing Endpoints,  Worst Slack        0.055ns,  Total Violation        0.000ns
PW    :            0  Failing Endpoints,  Worst Slack        2.750ns,  Total Violation        0.000ns
---------------------------------------------------------------------------------------------------


Max Delay Paths
--------------------------------------------------------------------------------------
Slack (MET) :             1.533ns  (required time - arrival time)
  Source:                 port_b_counter/count_out_reg[1]/C
                            (rising edge-triggered cell FDRE clocked by gclk  {rise@0.000ns fall@4.000ns period=10.000ns})
  Destination:            port_b_counter/count_out_reg[12]_rep__31/D
                            (rising edge-triggered cell FDRE clocked by gclk  {rise@0.000ns fall@4.000ns period=10.000ns})
  Path Group:             gclk
  Path Type:              Setup (Max at Slow Process Corner)
  Requirement:            10.000ns  (gclk rise@10.000ns - gclk rise@0.000ns)
  Data Path Delay:        8.108ns  (logic 1.641ns (20.240%)  route 6.467ns (79.760%))
  Logic Levels:           4  (CARRY4=4)
  Clock Path Skew:        -0.122ns (DCD - SCD + CPR)
    Destination Clock Delay (DCD):    4.754ns = ( 14.754 - 10.000 ) 
    Source Clock Delay      (SCD):    5.062ns
    Clock Pessimism Removal (CPR):    0.186ns
  Clock Uncertainty:      0.035ns  ((TSJ^2 + TIJ^2)^1/2 + DJ) / 2 + PE
    Total System Jitter     (TSJ):    0.071ns
    Total Input Jitter      (TIJ):    0.000ns
    Discrete Jitter          (DJ):    0.000ns
    Phase Error              (PE):    0.000ns

    Location             Delay type                Incr(ns)  Path(ns)    Netlist Resource(s)
  -------------------------------------------------------------------    -------------------
                         (clock gclk rise edge)       0.000     0.000 r  
    N15                                               0.000     0.000 r  clk_100mhz (IN)
                         net (fo=0)                   0.000     0.000    clk_100mhz
    N15                  IBUF (Prop_ibuf_I_O)         1.440     1.440 r  clk_100mhz_IBUF_inst/O
                         net (fo=1, routed)           1.972     3.412    clk_100mhz_IBUF
    BUFGCTRL_X0Y0        BUFG (Prop_bufg_I_O)         0.096     3.508 r  clk_100mhz_IBUF_BUFG_inst/O
                         net (fo=1026, routed)        1.554     5.062    port_b_counter/clk_100mhz_IBUF_BUFG
    SLICE_X52Y63         FDRE                                         r  port_b_counter/count_out_reg[1]/C
  -------------------------------------------------------------------    -------------------
    SLICE_X52Y63         FDRE (Prop_fdre_C_Q)         0.518     5.580 r  port_b_counter/count_out_reg[1]/Q
                         net (fo=39, routed)          0.611     6.191    port_b_counter/out[1]
    SLICE_X52Y63         CARRY4 (Prop_carry4_S[1]_CO[3])
                                                      0.657     6.848 r  port_b_counter/count_out_reg[0]_i_2/CO[3]
                         net (fo=1, routed)           0.000     6.848    port_b_counter/count_out_reg[0]_i_2_n_1
    SLICE_X52Y64         CARRY4 (Prop_carry4_CI_CO[3])
                                                      0.117     6.965 r  port_b_counter/count_out_reg[4]_i_1/CO[3]
                         net (fo=1, routed)           0.000     6.965    port_b_counter/count_out_reg[4]_i_1_n_1
    SLICE_X52Y65         CARRY4 (Prop_carry4_CI_CO[3])
                                                      0.117     7.082 r  port_b_counter/count_out_reg[8]_i_1/CO[3]
                         net (fo=1, routed)           0.000     7.082    port_b_counter/count_out_reg[8]_i_1_n_1
    SLICE_X52Y66         CARRY4 (Prop_carry4_CI_O[0])
                                                      0.232     7.314 r  port_b_counter/count_out_reg[12]_i_1/O[0]
                         net (fo=34, routed)          5.855    13.169    port_b_counter/count_out_reg[12]_i_1_n_8
    SLICE_X8Y76          FDRE                                         r  port_b_counter/count_out_reg[12]_rep__31/D
  -------------------------------------------------------------------    -------------------

                         (clock gclk rise edge)      10.000    10.000 r  
    N15                                               0.000    10.000 r  clk_100mhz (IN)
                         net (fo=0)                   0.000    10.000    clk_100mhz
    N15                  IBUF (Prop_ibuf_I_O)         1.370    11.370 r  clk_100mhz_IBUF_inst/O
                         net (fo=1, routed)           1.868    13.238    clk_100mhz_IBUF
    BUFGCTRL_X0Y0        BUFG (Prop_bufg_I_O)         0.091    13.329 r  clk_100mhz_IBUF_BUFG_inst/O
                         net (fo=1026, routed)        1.425    14.754    port_b_counter/clk_100mhz_IBUF_BUFG
    SLICE_X8Y76          FDRE                                         r  port_b_counter/count_out_reg[12]_rep__31/C
                         clock pessimism              0.186    14.940    
                         clock uncertainty           -0.035    14.904    
    SLICE_X8Y76          FDRE (Setup_fdre_C_D)       -0.202    14.702    port_b_counter/count_out_reg[12]_rep__31
  -------------------------------------------------------------------
                         required time                         14.702    
                         arrival time                         -13.169    
  -------------------------------------------------------------------
                         slack                                  1.533    





Min Delay Paths
--------------------------------------------------------------------------------------
Slack (MET) :             0.055ns  (arrival time - required time)
  Source:                 port_b_counter/count_out_reg[1]_rep__11/C
                            (rising edge-triggered cell FDRE clocked by gclk  {rise@0.000ns fall@4.000ns period=10.000ns})
  Destination:            audio_bram/BRAM_reg_0_11/ADDRARDADDR[1]
                            (rising edge-triggered cell RAMB36E1 clocked by gclk  {rise@0.000ns fall@4.000ns period=10.000ns})
  Path Group:             gclk
  Path Type:              Hold (Min at Fast Process Corner)
  Requirement:            0.000ns  (gclk rise@0.000ns - gclk rise@0.000ns)
  Data Path Delay:        0.297ns  (logic 0.141ns (47.454%)  route 0.156ns (52.546%))
  Logic Levels:           0  
  Clock Path Skew:        0.059ns (DCD - SCD - CPR)
    Destination Clock Delay (DCD):    1.978ns
    Source Clock Delay      (SCD):    1.419ns
    Clock Pessimism Removal (CPR):    0.499ns

    Location             Delay type                Incr(ns)  Path(ns)    Netlist Resource(s)
  -------------------------------------------------------------------    -------------------
                         (clock gclk rise edge)       0.000     0.000 r  
    N15                                               0.000     0.000 r  clk_100mhz (IN)
                         net (fo=0)                   0.000     0.000    clk_100mhz
    N15                  IBUF (Prop_ibuf_I_O)         0.209     0.209 r  clk_100mhz_IBUF_inst/O
                         net (fo=1, routed)           0.634     0.843    clk_100mhz_IBUF
    BUFGCTRL_X0Y0        BUFG (Prop_bufg_I_O)         0.026     0.869 r  clk_100mhz_IBUF_BUFG_inst/O
                         net (fo=1026, routed)        0.551     1.419    port_b_counter/clk_100mhz_IBUF_BUFG
    SLICE_X49Y75         FDRE                                         r  port_b_counter/count_out_reg[1]_rep__11/C
  -------------------------------------------------------------------    -------------------
    SLICE_X49Y75         FDRE (Prop_fdre_C_Q)         0.141     1.560 r  port_b_counter/count_out_reg[1]_rep__11/Q
                         net (fo=1, routed)           0.156     1.717    audio_bram/BRAM_reg_0_11_2[0]
    RAMB36_X1Y15         RAMB36E1                                     r  audio_bram/BRAM_reg_0_11/ADDRARDADDR[1]
  -------------------------------------------------------------------    -------------------

                         (clock gclk rise edge)       0.000     0.000 r  
    N15                                               0.000     0.000 r  clk_100mhz (IN)
                         net (fo=0)                   0.000     0.000    clk_100mhz
    N15                  IBUF (Prop_ibuf_I_O)         0.396     0.396 r  clk_100mhz_IBUF_inst/O
                         net (fo=1, routed)           0.689     1.085    clk_100mhz_IBUF
    BUFGCTRL_X0Y0        BUFG (Prop_bufg_I_O)         0.029     1.114 r  clk_100mhz_IBUF_BUFG_inst/O
                         net (fo=1026, routed)        0.864     1.978    audio_bram/clk_100mhz_IBUF_BUFG
    RAMB36_X1Y15         RAMB36E1                                     r  audio_bram/BRAM_reg_0_11/CLKARDCLK
                         clock pessimism             -0.499     1.479    
    RAMB36_X1Y15         RAMB36E1 (Hold_ramb36e1_CLKARDCLK_ADDRARDADDR[1])
                                                      0.183     1.662    audio_bram/BRAM_reg_0_11
  -------------------------------------------------------------------
                         required time                         -1.662    
                         arrival time                           1.717    
  -------------------------------------------------------------------
                         slack                                  0.055    





Pulse Width Checks
--------------------------------------------------------------------------------------
Clock Name:         gclk
Waveform(ns):       { 0.000 4.000 }
Period(ns):         10.000
Sources:            { clk_100mhz }

Check Type        Corner  Lib Pin             Reference Pin  Required(ns)  Actual(ns)  Slack(ns)  Location      Pin
Min Period        n/a     RAMB36E1/CLKARDCLK  n/a            2.944         10.000      7.056      RAMB36_X1Y6   audio_bram/BRAM_reg_0_0/CLKARDCLK
Low Pulse Width   Slow    RAMD32/CLK          n/a            1.250         6.000       4.750      SLICE_X56Y63  pt_bram/BRAM_reg_0_15_0_0/DP/CLK
High Pulse Width  Slow    RAMD32/CLK          n/a            1.250         4.000       2.750      SLICE_X56Y63  pt_bram/BRAM_reg_0_15_0_0/DP/CLK



