Copyright 1986-2022 Xilinx, Inc. All Rights Reserved. Copyright 2022-2024 Advanced Micro Devices, Inc. All Rights Reserved.
---------------------------------------------------------------------------------------------------------------------------------------------
| Tool Version : Vivado v.2024.1 (lin64) Build 5076996 Wed May 22 18:36:09 MDT 2024
| Date         : Mon Nov 25 08:09:40 2024
| Host         : eecs-digital-40 running 64-bit Ubuntu 24.04.1 LTS
| Command      : report_timing -file obj/post_route_timing.rpt
| Design       : top_level
| Device       : 7s50-csga324
| Speed File   : -1  PRODUCTION 1.23 2018-06-13
| Design State : Routed
---------------------------------------------------------------------------------------------------------------------------------------------

Timing Report

Slack (MET) :             6.282ns  (required time - arrival time)
  Source:                 my_uart_transmit/clock_counter_reg[0]/C
                            (rising edge-triggered cell FDRE clocked by gclk  {rise@0.000ns fall@4.000ns period=10.000ns})
  Destination:            my_uart_transmit/tx_wire_out_reg/CE
                            (rising edge-triggered cell FDRE clocked by gclk  {rise@0.000ns fall@4.000ns period=10.000ns})
  Path Group:             gclk
  Path Type:              Setup (Max at Slow Process Corner)
  Requirement:            10.000ns  (gclk rise@10.000ns - gclk rise@0.000ns)
  Data Path Delay:        3.455ns  (logic 0.828ns (23.964%)  route 2.627ns (76.036%))
  Logic Levels:           3  (LUT4=1 LUT5=1 LUT6=1)
  Clock Path Skew:        -0.022ns (DCD - SCD + CPR)
    Destination Clock Delay (DCD):    4.751ns = ( 14.751 - 10.000 ) 
    Source Clock Delay      (SCD):    5.044ns
    Clock Pessimism Removal (CPR):    0.271ns
  Clock Uncertainty:      0.035ns  ((TSJ^2 + TIJ^2)^1/2 + DJ) / 2 + PE
    Total System Jitter     (TSJ):    0.071ns
    Total Input Jitter      (TIJ):    0.000ns
    Discrete Jitter          (DJ):    0.000ns
    Phase Error              (PE):    0.000ns

    Location             Delay type                Incr(ns)  Path(ns)    Netlist Resource(s)
  -------------------------------------------------------------------    -------------------
                         (clock gclk rise edge)       0.000     0.000 r  
    N15                                               0.000     0.000 r  clk_100mhz (IN)
                         net (fo=0)                   0.000     0.000    clk_100mhz
    N15                  IBUF (Prop_ibuf_I_O)         1.440     1.440 r  clk_100mhz_IBUF_inst/O
                         net (fo=1, routed)           1.972     3.412    clk_100mhz_IBUF
    BUFGCTRL_X0Y0        BUFG (Prop_bufg_I_O)         0.096     3.508 r  clk_100mhz_IBUF_BUFG_inst/O
                         net (fo=17, routed)          1.536     5.044    my_uart_transmit/clk_100mhz_IBUF_BUFG
    SLICE_X40Y73         FDRE                                         r  my_uart_transmit/clock_counter_reg[0]/C
  -------------------------------------------------------------------    -------------------
    SLICE_X40Y73         FDRE (Prop_fdre_C_Q)         0.456     5.500 r  my_uart_transmit/clock_counter_reg[0]/Q
                         net (fo=8, routed)           0.986     6.486    my_uart_transmit/clock_counter_reg_n_0_[0]
    SLICE_X41Y74         LUT6 (Prop_lut6_I0_O)        0.124     6.610 f  my_uart_transmit/start_i_4/O
                         net (fo=1, routed)           0.469     7.079    my_uart_transmit/start_i_4_n_0
    SLICE_X41Y73         LUT5 (Prop_lut5_I0_O)        0.124     7.203 f  my_uart_transmit/start_i_3/O
                         net (fo=8, routed)           0.840     8.043    my_uart_transmit/start_i_3_n_0
    SLICE_X41Y72         LUT4 (Prop_lut4_I0_O)        0.124     8.167 r  my_uart_transmit/tx_wire_out_i_1/O
                         net (fo=1, routed)           0.332     8.499    my_uart_transmit/tx_wire_out_i_1_n_0
    SLICE_X41Y73         FDRE                                         r  my_uart_transmit/tx_wire_out_reg/CE
  -------------------------------------------------------------------    -------------------

                         (clock gclk rise edge)      10.000    10.000 r  
    N15                                               0.000    10.000 r  clk_100mhz (IN)
                         net (fo=0)                   0.000    10.000    clk_100mhz
    N15                  IBUF (Prop_ibuf_I_O)         1.370    11.370 r  clk_100mhz_IBUF_inst/O
                         net (fo=1, routed)           1.868    13.238    clk_100mhz_IBUF
    BUFGCTRL_X0Y0        BUFG (Prop_bufg_I_O)         0.091    13.329 r  clk_100mhz_IBUF_BUFG_inst/O
                         net (fo=17, routed)          1.422    14.751    my_uart_transmit/clk_100mhz_IBUF_BUFG
    SLICE_X41Y73         FDRE                                         r  my_uart_transmit/tx_wire_out_reg/C
                         clock pessimism              0.271    15.022    
                         clock uncertainty           -0.035    14.986    
    SLICE_X41Y73         FDRE (Setup_fdre_C_CE)      -0.205    14.781    my_uart_transmit/tx_wire_out_reg
  -------------------------------------------------------------------
                         required time                         14.781    
                         arrival time                          -8.499    
  -------------------------------------------------------------------
                         slack                                  6.282    




